<?xml version="1.0" encoding="UTF-8"?>
<testng-results skipped="0" failed="1" ignored="10" total="16" passed="5">
  <reporter-output>
  </reporter-output>
  <suite name="DemoFramework" duration-ms="817489" started-at="2019-01-03T03:17:51Z" finished-at="2019-01-03T03:31:28Z">
    <groups>
    </groups>
    <test name="DemoTest" duration-ms="817489" started-at="2019-01-03T03:17:51Z" finished-at="2019-01-03T03:31:28Z">
      <class name="testCases.VerifyInfoFromBroadWorks">
        <test-method status="PASS" signature="beforeSuite()[pri:0, instance:testCases.VerifyInfoFromBroadWorks@72b6cbcc]" name="beforeSuite" is-config="true" duration-ms="278" started-at="2019-01-03T03:17:50Z" finished-at="2019-01-03T03:17:51Z">
          <reporter-output>
          </reporter-output>
        </test-method> <!-- beforeSuite -->
        <test-method status="PASS" signature="beforeMethod(java.lang.String, java.lang.String)[pri:0, instance:testCases.VerifyInfoFromBroadWorks@72b6cbcc]" name="beforeMethod" is-config="true" duration-ms="34086" started-at="2019-01-03T03:17:51Z" finished-at="2019-01-03T03:18:25Z">
          <params>
            <param index="0">
              <value>
                <![CDATA[chrome]]>
              </value>
            </param>
            <param index="1">
              <value>
                <![CDATA[https://zeus.qa5.vonagenetworks.net]]>
              </value>
            </param>
          </params>
          <reporter-output>
          </reporter-output>
        </test-method> <!-- beforeMethod -->
        <test-method status="PASS" signature="verifyInfoFromBroadWorks(org.testng.ITestContext)[pri:0, instance:testCases.VerifyInfoFromBroadWorks@72b6cbcc]" name="verifyInfoFromBroadWorks" duration-ms="24951" started-at="2019-01-03T03:18:25Z" finished-at="2019-01-03T03:18:50Z">
          <params>
            <param index="0">
              <value>
                <![CDATA[org.testng.TestRunner@6f6745d6]]>
              </value>
            </param>
          </params>
          <reporter-output>
          </reporter-output>
        </test-method> <!-- verifyInfoFromBroadWorks -->
        <test-method status="PASS" signature="afterMethod(org.testng.ITestResult)[pri:0, instance:testCases.VerifyInfoFromBroadWorks@72b6cbcc]" name="afterMethod" is-config="true" duration-ms="988" started-at="2019-01-03T03:18:50Z" finished-at="2019-01-03T03:18:51Z">
          <params>
            <param index="0">
              <value>
                <![CDATA[[TestResult name=verifyInfoFromBroadWorks status=SUCCESS method=VerifyInfoFromBroadWorks.verifyInfoFromBroadWorks(org.testng.ITestContext)[pri:0, instance:testCases.VerifyInfoFromBroadWorks@72b6cbcc] output={null}]]]>
              </value>
            </param>
          </params>
          <reporter-output>
          </reporter-output>
        </test-method> <!-- afterMethod -->
        <test-method status="PASS" signature="afterSuite()[pri:0, instance:testCases.VerifyInfoFromBroadWorks@72b6cbcc]" name="afterSuite" is-config="true" duration-ms="451" started-at="2019-01-03T03:31:28Z" finished-at="2019-01-03T03:31:29Z">
          <reporter-output>
          </reporter-output>
        </test-method> <!-- afterSuite -->
      </class> <!-- testCases.VerifyInfoFromBroadWorks -->
      <class name="testCases.Faxmail">
        <test-method status="PASS" signature="beforeMethod(java.lang.String, java.lang.String)[pri:0, instance:testCases.Faxmail@4bbfb90a]" name="beforeMethod" is-config="true" duration-ms="17990" started-at="2019-01-03T03:30:51Z" finished-at="2019-01-03T03:31:09Z">
          <params>
            <param index="0">
              <value>
                <![CDATA[chrome]]>
              </value>
            </param>
            <param index="1">
              <value>
                <![CDATA[https://zeus.qa5.vonagenetworks.net]]>
              </value>
            </param>
          </params>
          <reporter-output>
          </reporter-output>
        </test-method> <!-- beforeMethod -->
        <test-method status="PASS" signature="customer_Search(org.testng.ITestContext)[pri:0, instance:testCases.Faxmail@4bbfb90a]" name="customer_Search" duration-ms="18038" started-at="2019-01-03T03:31:09Z" finished-at="2019-01-03T03:31:27Z">
          <params>
            <param index="0">
              <value>
                <![CDATA[org.testng.TestRunner@6f6745d6]]>
              </value>
            </param>
          </params>
          <reporter-output>
          </reporter-output>
        </test-method> <!-- customer_Search -->
        <test-method status="PASS" signature="afterMethod(org.testng.ITestResult)[pri:0, instance:testCases.Faxmail@4bbfb90a]" name="afterMethod" is-config="true" duration-ms="560" started-at="2019-01-03T03:31:27Z" finished-at="2019-01-03T03:31:28Z">
          <params>
            <param index="0">
              <value>
                <![CDATA[[TestResult name=customer_Search status=SUCCESS method=Faxmail.customer_Search(org.testng.ITestContext)[pri:0, instance:testCases.Faxmail@4bbfb90a] output={null}]]]>
              </value>
            </param>
          </params>
          <reporter-output>
          </reporter-output>
        </test-method> <!-- afterMethod -->
      </class> <!-- testCases.Faxmail -->
      <class name="testCases.Number_search">
        <test-method status="PASS" signature="beforeMethod(java.lang.String, java.lang.String)[pri:0, instance:testCases.Number_search@68bbe345]" name="beforeMethod" is-config="true" duration-ms="16046" started-at="2019-01-03T03:21:50Z" finished-at="2019-01-03T03:22:06Z">
          <params>
            <param index="0">
              <value>
                <![CDATA[chrome]]>
              </value>
            </param>
            <param index="1">
              <value>
                <![CDATA[https://zeus.qa5.vonagenetworks.net]]>
              </value>
            </param>
          </params>
          <reporter-output>
          </reporter-output>
        </test-method> <!-- beforeMethod -->
        <test-method status="PASS" signature="number_search(org.testng.ITestContext)[pri:0, instance:testCases.Number_search@68bbe345]" name="number_search" duration-ms="424361" started-at="2019-01-03T03:22:06Z" finished-at="2019-01-03T03:29:11Z">
          <params>
            <param index="0">
              <value>
                <![CDATA[org.testng.TestRunner@6f6745d6]]>
              </value>
            </param>
          </params>
          <reporter-output>
          </reporter-output>
        </test-method> <!-- number_search -->
        <test-method status="PASS" signature="afterMethod(org.testng.ITestResult)[pri:0, instance:testCases.Number_search@68bbe345]" name="afterMethod" is-config="true" duration-ms="518" started-at="2019-01-03T03:29:11Z" finished-at="2019-01-03T03:29:11Z">
          <params>
            <param index="0">
              <value>
                <![CDATA[[TestResult name=number_search status=SUCCESS method=Number_search.number_search(org.testng.ITestContext)[pri:0, instance:testCases.Number_search@68bbe345] output={null}]]]>
              </value>
            </param>
          </params>
          <reporter-output>
          </reporter-output>
        </test-method> <!-- afterMethod -->
      </class> <!-- testCases.Number_search -->
      <class name="testCases.DevicePageLoadingVerification">
        <test-method status="PASS" signature="beforeMethod(java.lang.String, java.lang.String)[pri:0, instance:testCases.DevicePageLoadingVerification@a7e666]" name="beforeMethod" is-config="true" duration-ms="16567" started-at="2019-01-03T03:18:51Z" finished-at="2019-01-03T03:19:07Z">
          <params>
            <param index="0">
              <value>
                <![CDATA[chrome]]>
              </value>
            </param>
            <param index="1">
              <value>
                <![CDATA[https://zeus.qa5.vonagenetworks.net]]>
              </value>
            </param>
          </params>
          <reporter-output>
          </reporter-output>
        </test-method> <!-- beforeMethod -->
        <test-method status="FAIL" signature="customer_Search(org.testng.ITestContext)[pri:0, instance:testCases.DevicePageLoadingVerification@a7e666]" name="customer_Search" duration-ms="160550" started-at="2019-01-03T03:19:07Z" finished-at="2019-01-03T03:21:48Z">
          <params>
            <param index="0">
              <value>
                <![CDATA[org.testng.TestRunner@6f6745d6]]>
              </value>
            </param>
          </params>
          <exception class="org.openqa.selenium.NoSuchElementException">
            <message>
              <![CDATA[no such element: Unable to locate element: {"method":"xpath","selector":"//*[@id='header_crumbs']/li[5]"}
  (Session info: chrome=71.0.3578.98)
  (Driver info: chromedriver=2.45.615291 (ec3682e3c9061c10f26ea9e5cdcf3c53f3f74387),platform=Windows NT 6.1.7601 SP1 x86_64) (WARNING: The server did not provide any stacktrace information)
Command duration or timeout: 0 milliseconds
For documentation on this error, please visit: http://seleniumhq.org/exceptions/no_such_element.html
Build info: version: '3.14.0', revision: 'aacccce0', time: '2018-08-02T20:19:58.91Z'
System info: host: 'VON-2KKF362', ip: '10.111.17.16', os.name: 'Windows 7', os.arch: 'amd64', os.version: '6.1', java.version: '1.8.0_181'
Driver info: org.openqa.selenium.chrome.ChromeDriver
Capabilities {acceptInsecureCerts: false, acceptSslCerts: false, applicationCacheEnabled: false, browserConnectionEnabled: false, browserName: chrome, chrome: {chromedriverVersion: 2.45.615291 (ec3682e3c9061c..., userDataDir: C:\Users\ppundru\AppData\Lo...}, cssSelectorsEnabled: true, databaseEnabled: false, goog:chromeOptions: {debuggerAddress: localhost:58294}, handlesAlerts: true, hasTouchScreen: false, javascriptEnabled: true, locationContextEnabled: true, mobileEmulationEnabled: false, nativeEvents: true, networkConnectionEnabled: false, pageLoadStrategy: normal, platform: XP, platformName: XP, proxy: Proxy(), rotatable: false, setWindowRect: true, strictFileInteractability: false, takesHeapSnapshot: true, takesScreenshot: true, timeouts: {implicit: 0, pageLoad: 300000, script: 30000}, unexpectedAlertBehaviour: ignore, unhandledPromptBehavior: ignore, version: 71.0.3578.98, webStorageEnabled: true}
Session ID: 1b6613dd1dc681018653a0366df3d719
*** Element info: {Using=xpath, value=//*[@id='header_crumbs']/li[5]}]]>
            </message>
            <full-stacktrace>
              <![CDATA[org.openqa.selenium.NoSuchElementException: no such element: Unable to locate element: {"method":"xpath","selector":"//*[@id='header_crumbs']/li[5]"}
  (Session info: chrome=71.0.3578.98)
  (Driver info: chromedriver=2.45.615291 (ec3682e3c9061c10f26ea9e5cdcf3c53f3f74387),platform=Windows NT 6.1.7601 SP1 x86_64) (WARNING: The server did not provide any stacktrace information)
Command duration or timeout: 0 milliseconds
For documentation on this error, please visit: http://seleniumhq.org/exceptions/no_such_element.html
Build info: version: '3.14.0', revision: 'aacccce0', time: '2018-08-02T20:19:58.91Z'
System info: host: 'VON-2KKF362', ip: '10.111.17.16', os.name: 'Windows 7', os.arch: 'amd64', os.version: '6.1', java.version: '1.8.0_181'
Driver info: org.openqa.selenium.chrome.ChromeDriver
Capabilities {acceptInsecureCerts: false, acceptSslCerts: false, applicationCacheEnabled: false, browserConnectionEnabled: false, browserName: chrome, chrome: {chromedriverVersion: 2.45.615291 (ec3682e3c9061c..., userDataDir: C:\Users\ppundru\AppData\Lo...}, cssSelectorsEnabled: true, databaseEnabled: false, goog:chromeOptions: {debuggerAddress: localhost:58294}, handlesAlerts: true, hasTouchScreen: false, javascriptEnabled: true, locationContextEnabled: true, mobileEmulationEnabled: false, nativeEvents: true, networkConnectionEnabled: false, pageLoadStrategy: normal, platform: XP, platformName: XP, proxy: Proxy(), rotatable: false, setWindowRect: true, strictFileInteractability: false, takesHeapSnapshot: true, takesScreenshot: true, timeouts: {implicit: 0, pageLoad: 300000, script: 30000}, unexpectedAlertBehaviour: ignore, unhandledPromptBehavior: ignore, version: 71.0.3578.98, webStorageEnabled: true}
Session ID: 1b6613dd1dc681018653a0366df3d719
*** Element info: {Using=xpath, value=//*[@id='header_crumbs']/li[5]}
at sun.reflect.NativeConstructorAccessorImpl.newInstance0(Native Method)
at sun.reflect.NativeConstructorAccessorImpl.newInstance(Unknown Source)
at sun.reflect.DelegatingConstructorAccessorImpl.newInstance(Unknown Source)
at java.lang.reflect.Constructor.newInstance(Unknown Source)
at org.openqa.selenium.remote.ErrorHandler.createThrowable(ErrorHandler.java:214)
at org.openqa.selenium.remote.ErrorHandler.throwIfResponseFailed(ErrorHandler.java:166)
at org.openqa.selenium.remote.http.JsonHttpResponseCodec.reconstructValue(JsonHttpResponseCodec.java:40)
at org.openqa.selenium.remote.http.AbstractHttpResponseCodec.decode(AbstractHttpResponseCodec.java:80)
at org.openqa.selenium.remote.http.AbstractHttpResponseCodec.decode(AbstractHttpResponseCodec.java:44)
at org.openqa.selenium.remote.HttpCommandExecutor.execute(HttpCommandExecutor.java:158)
at org.openqa.selenium.remote.service.DriverCommandExecutor.execute(DriverCommandExecutor.java:83)
at org.openqa.selenium.remote.RemoteWebDriver.execute(RemoteWebDriver.java:548)
at org.openqa.selenium.remote.RemoteWebDriver.findElement(RemoteWebDriver.java:322)
at org.openqa.selenium.remote.RemoteWebDriver.findElementByXPath(RemoteWebDriver.java:424)
at org.openqa.selenium.By$ByXPath.findElement(By.java:353)
at org.openqa.selenium.remote.RemoteWebDriver.findElement(RemoteWebDriver.java:314)
at sun.reflect.GeneratedMethodAccessor2.invoke(Unknown Source)
at sun.reflect.DelegatingMethodAccessorImpl.invoke(Unknown Source)
at java.lang.reflect.Method.invoke(Unknown Source)
at org.openqa.selenium.support.events.EventFiringWebDriver.lambda$new$1(EventFiringWebDriver.java:105)
at com.sun.proxy.$Proxy11.findElement(Unknown Source)
at utils.MyListener.beforeFindBy(MyListener.java:14)
at sun.reflect.GeneratedMethodAccessor4.invoke(Unknown Source)
at sun.reflect.DelegatingMethodAccessorImpl.invoke(Unknown Source)
at java.lang.reflect.Method.invoke(Unknown Source)
at org.openqa.selenium.support.events.EventFiringWebDriver.lambda$new$0(EventFiringWebDriver.java:84)
at com.sun.proxy.$Proxy10.beforeFindBy(Unknown Source)
at org.openqa.selenium.support.events.EventFiringWebDriver.findElement(EventFiringWebDriver.java:193)
at accelerators.ActionEngine.getElement(ActionEngine.java:145)
at accelerators.ActionEngine.getElement(ActionEngine.java:100)
at accelerators.ActionEngine.getText(ActionEngine.java:745)
at testCases.DevicePageLoadingVerification.customer_Search(DevicePageLoadingVerification.java:52)
at sun.reflect.NativeMethodAccessorImpl.invoke0(Native Method)
at sun.reflect.NativeMethodAccessorImpl.invoke(Unknown Source)
at sun.reflect.DelegatingMethodAccessorImpl.invoke(Unknown Source)
at java.lang.reflect.Method.invoke(Unknown Source)
at org.testng.internal.MethodInvocationHelper.invokeMethod(MethodInvocationHelper.java:124)
at org.testng.internal.Invoker.invokeMethod(Invoker.java:580)
at org.testng.internal.Invoker.invokeTestMethod(Invoker.java:716)
at org.testng.internal.Invoker.invokeTestMethods(Invoker.java:988)
at org.testng.internal.TestMethodWorker.invokeTestMethods(TestMethodWorker.java:125)
at org.testng.internal.TestMethodWorker.run(TestMethodWorker.java:109)
at org.testng.TestRunner.privateRun(TestRunner.java:648)
at org.testng.TestRunner.run(TestRunner.java:505)
at org.testng.SuiteRunner.runTest(SuiteRunner.java:455)
at org.testng.SuiteRunner.runSequentially(SuiteRunner.java:450)
at org.testng.SuiteRunner.privateRun(SuiteRunner.java:415)
at org.testng.SuiteRunner.run(SuiteRunner.java:364)
at org.testng.SuiteRunnerWorker.runSuite(SuiteRunnerWorker.java:52)
at org.testng.SuiteRunnerWorker.run(SuiteRunnerWorker.java:84)
at org.testng.TestNG.runSuitesSequentially(TestNG.java:1208)
at org.testng.TestNG.runSuitesLocally(TestNG.java:1137)
at org.testng.TestNG.runSuites(TestNG.java:1049)
at org.testng.TestNG.run(TestNG.java:1017)
at org.testng.remote.AbstractRemoteTestNG.run(AbstractRemoteTestNG.java:114)
at org.testng.remote.RemoteTestNG.initAndRun(RemoteTestNG.java:251)
at org.testng.remote.RemoteTestNG.main(RemoteTestNG.java:77)
]]>
            </full-stacktrace>
          </exception> <!-- org.openqa.selenium.NoSuchElementException -->
          <reporter-output>
          </reporter-output>
        </test-method> <!-- customer_Search -->
        <test-method status="PASS" signature="afterMethod(org.testng.ITestResult)[pri:0, instance:testCases.DevicePageLoadingVerification@a7e666]" name="afterMethod" is-config="true" duration-ms="2406" started-at="2019-01-03T03:21:48Z" finished-at="2019-01-03T03:21:50Z">
          <params>
            <param index="0">
              <value>
                <![CDATA[[TestResult name=customer_Search status=FAILURE method=DevicePageLoadingVerification.customer_Search(org.testng.ITestContext)[pri:0, instance:testCases.DevicePageLoadingVerification@a7e666] output={null}]]]>
              </value>
            </param>
          </params>
          <reporter-output>
          </reporter-output>
        </test-method> <!-- afterMethod -->
      </class> <!-- testCases.DevicePageLoadingVerification -->
      <class name="testCases.C3">
        <test-method status="PASS" signature="beforeMethod(java.lang.String, java.lang.String)[pri:0, instance:testCases.C3@30b8a058]" name="beforeMethod" is-config="true" duration-ms="14545" started-at="2019-01-03T03:29:11Z" finished-at="2019-01-03T03:29:26Z">
          <params>
            <param index="0">
              <value>
                <![CDATA[chrome]]>
              </value>
            </param>
            <param index="1">
              <value>
                <![CDATA[https://zeus.qa5.vonagenetworks.net]]>
              </value>
            </param>
          </params>
          <reporter-output>
          </reporter-output>
        </test-method> <!-- beforeMethod -->
        <test-method status="PASS" signature="c3(org.testng.ITestContext)[pri:0, instance:testCases.C3@30b8a058]" name="c3" duration-ms="55958" started-at="2019-01-03T03:29:26Z" finished-at="2019-01-03T03:30:22Z">
          <params>
            <param index="0">
              <value>
                <![CDATA[org.testng.TestRunner@6f6745d6]]>
              </value>
            </param>
          </params>
          <reporter-output>
          </reporter-output>
        </test-method> <!-- c3 -->
        <test-method status="PASS" signature="afterMethod(org.testng.ITestResult)[pri:0, instance:testCases.C3@30b8a058]" name="afterMethod" is-config="true" duration-ms="375" started-at="2019-01-03T03:30:22Z" finished-at="2019-01-03T03:30:22Z">
          <params>
            <param index="0">
              <value>
                <![CDATA[[TestResult name=c3 status=SUCCESS method=C3.c3(org.testng.ITestContext)[pri:0, instance:testCases.C3@30b8a058] output={null}]]]>
              </value>
            </param>
          </params>
          <reporter-output>
          </reporter-output>
        </test-method> <!-- afterMethod -->
      </class> <!-- testCases.C3 -->
      <class name="testCases.Customer_Search">
        <test-method status="PASS" signature="beforeMethod(java.lang.String, java.lang.String)[pri:0, instance:testCases.Customer_Search@7494e528]" name="beforeMethod" is-config="true" duration-ms="14422" started-at="2019-01-03T03:30:22Z" finished-at="2019-01-03T03:30:36Z">
          <params>
            <param index="0">
              <value>
                <![CDATA[chrome]]>
              </value>
            </param>
            <param index="1">
              <value>
                <![CDATA[https://zeus.qa5.vonagenetworks.net]]>
              </value>
            </param>
          </params>
          <reporter-output>
          </reporter-output>
        </test-method> <!-- beforeMethod -->
        <test-method status="PASS" signature="customer_Search(org.testng.ITestContext)[pri:0, instance:testCases.Customer_Search@7494e528]" name="customer_Search" duration-ms="14475" started-at="2019-01-03T03:30:36Z" finished-at="2019-01-03T03:30:51Z">
          <params>
            <param index="0">
              <value>
                <![CDATA[org.testng.TestRunner@6f6745d6]]>
              </value>
            </param>
          </params>
          <reporter-output>
          </reporter-output>
        </test-method> <!-- customer_Search -->
        <test-method status="PASS" signature="afterMethod(org.testng.ITestResult)[pri:0, instance:testCases.Customer_Search@7494e528]" name="afterMethod" is-config="true" duration-ms="577" started-at="2019-01-03T03:30:51Z" finished-at="2019-01-03T03:30:51Z">
          <params>
            <param index="0">
              <value>
                <![CDATA[[TestResult name=customer_Search status=SUCCESS method=Customer_Search.customer_Search(org.testng.ITestContext)[pri:0, instance:testCases.Customer_Search@7494e528] output={null}]]]>
              </value>
            </param>
          </params>
          <reporter-output>
          </reporter-output>
        </test-method> <!-- afterMethod -->
      </class> <!-- testCases.Customer_Search -->
    </test> <!-- DemoTest -->
  </suite> <!-- DemoFramework -->
</testng-results>
